Arguments: 
  C:\Program Files\nodejs\node.exe C:\Users\achri\AppData\Roaming\npm\node_modules\yarn\bin\yarn.js add @sumsub/react-native-mobilesdk-module

PATH: 
  C:\Program Files\Java\jdk-11.0.12\bin;C:\ProgramData\Anaconda3;C:\ProgramData\Anaconda3\Library\mingw-w64\bin;C:\ProgramData\Anaconda3\Library\usr\bin;C:\ProgramData\Anaconda3\Library\bin;C:\ProgramData\Anaconda3\Scripts;C:\WINDOWS\system32;C:\WINDOWS;C:\WINDOWS\System32\Wbem;C:\WINDOWS\System32\WindowsPowerShell\v1.0\;C:\WINDOWS\System32\OpenSSH\;C:\Program Files (x86)\Common Files\Acronis\VirtualFile\;C:\Program Files (x86)\Common Files\Acronis\VirtualFile64\;C:\Program Files (x86)\Common Files\Acronis\FileProtector\;C:\Program Files (x86)\Common Files\Acronis\FileProtector64\;C:\Program Files (x86)\Common Files\Acronis\SnapAPI\;C:\Program Files\PuTTY\;C:\Program Files\Docker\Docker\resources\bin;C:\ProgramData\DockerDesktop\version-bin;C:\Program Files\Microsoft SQL Server\130\Tools\Binn\;C:\Program Files\dotnet\;D:\2021\docker\Kafka-2021\jandoV2\jar\\;C:\Program Files\Git\cmd;C:\Program Files\nodejs\;C:\Users\achri\AppData\Local\Microsoft\WindowsApps;C:\Users\achri\AppData\Local\Programs\Microsoft VS Code\bin;C:\Program Files\JetBrains\PyCharm Community Edition 2020.3\bin;D:\2021\java-tools\apache-maven-3.6.3\bin;C:\Users\achri\.dotnet\tools;C:\Users\achri\AppData\Local\GitHubDesktop\bin;C:\Users\achri\AppData\Local\Programs\Fiddler;C:\Users\achri\AppData\Local\Android\Sdk\emulator;C:\Users\achri\AppData\Local\Android\Sdk\platform-tools;C:\Users\achri\AppData\Roaming\npm

Yarn version: 
  1.22.19

Node version: 
  18.17.1

Platform: 
  win32 x64

Trace: 
  Error: ENOENT: no such file or directory, open 'C:\Users\achri\AppData\Local\Yarn\Cache\v6\npm-core-js-1.2.7-652294c14651db28fa93bd2d5ff2983a4f08c636-integrity\node_modules\core-js\.yarn-metadata.json'

npm manifest: 
  {
    "name": "zazoo-mobile",
    "version": "1.0.0",
    "main": "node_modules/expo/AppEntry.js",
    "scripts": {
      "start": "expo start",
      "start:dev": "NODE_ENV=development npx expo",
      "dev": "NODE_ENV=development npx expo",
      "start:prod": "NODE_ENV=production npx expo",
      "android": "expo start --android",
      "ios": "expo start --ios",
      "web": "expo start --web"
    },
    "dependencies": {
      "@expo/webpack-config": "^18.0.3",
      "@react-native-async-storage/async-storage": "1.17.11",
      "@react-native-community/checkbox": "^0.5.16",
      "@react-native-community/datetimepicker": "6.7.3",
      "@react-native-picker/picker": "2.4.8",
      "@react-navigation/bottom-tabs": "^6.5.7",
      "@react-navigation/native": "^6.1.6",
      "@react-navigation/native-stack": "^6.9.12",
      "@react-navigation/stack": "^6.3.16",
      "@reduxjs/toolkit": "^1.9.3",
      "@sumsub/react-native-mobilesdk-module": "^1.25.0",
      "@twotalltotems/react-native-otp-input": "^1.3.11",
      "@types/lodash": "^4.14.195",
      "@types/node": "^20.1.2",
      "@types/react-native": "^0.72.2",
      "@types/react-native-snap-carousel": "^3.8.5",
      "axios": "^1.3.5",
      "clientjs": "^0.2.1",
      "deprecated-react-native-prop-types": "^4.1.0",
      "expo": "^48.0.0",
      "expo-checkbox": "^2.3.1",
      "expo-clipboard": "^4.1.2",
      "expo-device": "^5.2.1",
      "expo-font": "~11.1.1",
      "expo-image-picker": "~14.1.1",
      "expo-linking": "~4.0.1",
      "expo-local-authentication": "^13.3.0",
      "expo-notifications": "~0.18.1",
      "expo-print": "~12.2.1",
      "expo-secure-store": "~12.1.1",
      "expo-splash-screen": "~0.18.2",
      "expo-status-bar": "~1.4.4",
      "force": "^0.0.3",
      "formik": "^2.2.9",
      "https": "^1.0.0",
      "moment": "^2.29.4",
      "react": "18.2.0",
      "react-dom": "18.2.0",
      "react-native": "0.71.8",
      "react-native-actions-sheet": "^0.8.29",
      "react-native-dropdown-picker": "^5.4.6",
      "react-native-error-boundary": "^1.2.3",
      "react-native-gesture-handler": "2.9.0",
      "react-native-loading-spinner-overlay": "^3.0.1",
      "react-native-modal": "^13.0.1",
      "react-native-modal-datetime-picker": "^17.0.0",
      "react-native-paper": "^5.8.0",
      "react-native-popup-menu": "^0.16.1",
      "react-native-root-siblings": "^4.1.1",
      "react-native-root-toast": "^3.4.1",
      "react-native-safe-area-context": "4.5.0",
      "react-native-screens": "~3.20.0",
      "react-native-snap-carousel": "^3.9.1",
      "react-native-svg": "13.4.0",
      "react-native-svg-transformer": "^1.0.0",
      "react-native-swipe-list-view": "^3.2.9",
      "react-native-swiper": "^1.6.0",
      "react-native-user-detector-active-inactive": "^0.0.8",
      "react-native-vector-icons": "^9.2.0",
      "react-redux": "^8.0.5",
      "redux": "^4.2.1",
      "redux-persist": "^6.0.0",
      "redux-thunk": "^2.4.2",
      "usehooks-ts": "^2.9.1",
      "yup": "^1.2.0"
    },
    "devDependencies": {
      "@babel/core": "^7.20.0",
      "@tsconfig/react-native": "^3.0.0",
      "@types/clientjs": "^0.2.0",
      "@types/react": "~18.0.6",
      "@types/react-dom": "18.0.10",
      "@types/react-native-vector-icons": "^6.4.13",
      "babel-plugin-react-native-classname-to-style": "^1.2.2",
      "babel-plugin-react-native-platform-specific-extensions": "^1.1.1",
      "react-native-css-transformer": "^1.2.4",
      "react-native-dotenv": "^3.4.8",
      "typescript": "^4.9.4"
    },
    "private": true
  }

yarn manifest: 
  No manifest

Lockfile: 
  No lockfile
